0 info it worked if it ends with ok
1 verbose cli [ '/Users/chrisperk/.nvm/versions/node/v7.4.0/bin/node',
1 verbose cli   '/Users/chrisperk/.nvm/versions/node/v7.4.0/bin/npm',
1 verbose cli   'run',
1 verbose cli   'deploy' ]
2 info using npm@4.0.5
3 info using node@v7.4.0
4 verbose run-script [ 'predeploy', 'deploy', 'postdeploy' ]
5 info lifecycle angular-portfolio@0.0.0~predeploy: angular-portfolio@0.0.0
6 silly lifecycle angular-portfolio@0.0.0~predeploy: no script for predeploy, continuing
7 info lifecycle angular-portfolio@0.0.0~deploy: angular-portfolio@0.0.0
8 verbose lifecycle angular-portfolio@0.0.0~deploy: unsafe-perm in lifecycle true
9 verbose lifecycle angular-portfolio@0.0.0~deploy: PATH: /Users/chrisperk/.nvm/versions/node/v7.4.0/lib/node_modules/npm/bin/node-gyp-bin:/Users/chrisperk/Desktop/workspace/portfolio-angular/node_modules/.bin:/Users/chrisperk/.nvm/versions/node/v7.4.0/bin:/usr/local/bin:/usr/bin:/bin:/usr/sbin:/sbin:/opt/X11/bin
10 verbose lifecycle angular-portfolio@0.0.0~deploy: CWD: /Users/chrisperk/Desktop/workspace/portfolio-angular
11 silly lifecycle angular-portfolio@0.0.0~deploy: Args: [ '-c',
11 silly lifecycle   'ng build --prod && angular-cli-ghpages --branch master' ]
12 silly lifecycle angular-portfolio@0.0.0~deploy: Returned: code: 1  signal: null
13 info lifecycle angular-portfolio@0.0.0~deploy: Failed to exec deploy script
14 verbose stack Error: angular-portfolio@0.0.0 deploy: `ng build --prod && angular-cli-ghpages --branch master`
14 verbose stack Exit status 1
14 verbose stack     at EventEmitter.<anonymous> (/Users/chrisperk/.nvm/versions/node/v7.4.0/lib/node_modules/npm/lib/utils/lifecycle.js:279:16)
14 verbose stack     at emitTwo (events.js:106:13)
14 verbose stack     at EventEmitter.emit (events.js:191:7)
14 verbose stack     at ChildProcess.<anonymous> (/Users/chrisperk/.nvm/versions/node/v7.4.0/lib/node_modules/npm/lib/utils/spawn.js:40:14)
14 verbose stack     at emitTwo (events.js:106:13)
14 verbose stack     at ChildProcess.emit (events.js:191:7)
14 verbose stack     at maybeClose (internal/child_process.js:885:16)
14 verbose stack     at Process.ChildProcess._handle.onexit (internal/child_process.js:226:5)
15 verbose pkgid angular-portfolio@0.0.0
16 verbose cwd /Users/chrisperk/Desktop/workspace/portfolio-angular
17 error Darwin 16.6.0
18 error argv "/Users/chrisperk/.nvm/versions/node/v7.4.0/bin/node" "/Users/chrisperk/.nvm/versions/node/v7.4.0/bin/npm" "run" "deploy"
19 error node v7.4.0
20 error npm  v4.0.5
21 error code ELIFECYCLE
22 error angular-portfolio@0.0.0 deploy: `ng build --prod && angular-cli-ghpages --branch master`
22 error Exit status 1
23 error Failed at the angular-portfolio@0.0.0 deploy script 'ng build --prod && angular-cli-ghpages --branch master'.
23 error Make sure you have the latest version of node.js and npm installed.
23 error If you do, this is most likely a problem with the angular-portfolio package,
23 error not with npm itself.
23 error Tell the author that this fails on your system:
23 error     ng build --prod && angular-cli-ghpages --branch master
23 error You can get information on how to open an issue for this project with:
23 error     npm bugs angular-portfolio
23 error Or if that isn't available, you can get their info via:
23 error     npm owner ls angular-portfolio
23 error There is likely additional logging output above.
24 verbose exit [ 1, true ]
